Flow report for cpld
Mon Nov 10 00:11:21 2025
Quartus Prime Version 25.1std.0 Build 1129 10/21/2025 SC Lite Edition


---------------------
; Table of Contents ;
---------------------
  1. Legal Notice
  2. Flow Summary
  3. Flow Settings
  4. Flow Non-Default Global Settings
  5. Flow Elapsed Time
  6. Flow OS Summary
  7. Flow Log
  8. Flow Messages
  9. Flow Suppressed Messages



----------------
; Legal Notice ;
----------------
Copyright (C) 2025  Altera Corporation. All rights reserved.
Your use of Altera Corporation's design tools, logic functions 
and other software and tools, and any partner logic 
functions, and any output files from any of the foregoing 
(including device programming or simulation files), and any 
associated documentation or information are expressly subject 
to the terms and conditions of the Altera Program License 
Subscription Agreement, the Altera Quartus Prime License Agreement,
the Altera IP License Agreement, or other applicable license
agreement, including, without limitation, that your use is for
the sole purpose of programming logic devices manufactured by
Altera and sold by Altera or its authorized distributors.  Please
refer to the Altera Software License Subscription Agreements 
on the Quartus Prime software download page.



+-------------------------------------------------------------------------+
; Flow Summary                                                            ;
+-----------------------+-------------------------------------------------+
; Flow Status           ; Successful - Mon Nov 10 00:11:19 2025           ;
; Quartus Prime Version ; 25.1std.0 Build 1129 10/21/2025 SC Lite Edition ;
; Revision Name         ; cpld                                            ;
; Top-level Entity Name ; top                                             ;
; Family                ; MAX V                                           ;
; Device                ; 5M80ZT100C5                                     ;
; Timing Models         ; Final                                           ;
; Total logic elements  ; 2 / 80 ( 3 % )                                  ;
; Total pins            ; 76 / 79 ( 96 % )                                ;
; Total virtual pins    ; 0                                               ;
; UFM blocks            ; 0 / 1 ( 0 % )                                   ;
+-----------------------+-------------------------------------------------+


+-----------------------------------------+
; Flow Settings                           ;
+-------------------+---------------------+
; Option            ; Setting             ;
+-------------------+---------------------+
; Start date & time ; 11/10/2025 00:11:01 ;
; Main task         ; Compilation         ;
; Revision Name     ; cpld                ;
+-------------------+---------------------+


+------------------------------------------------------------------------------------------------------------+
; Flow Non-Default Global Settings                                                                           ;
+-------------------------------+---------------------------------+---------------+-------------+------------+
; Assignment Name               ; Value                           ; Default Value ; Entity Name ; Section Id ;
+-------------------------------+---------------------------------+---------------+-------------+------------+
; COMPILER_SIGNATURE_ID         ; 255399035412480.176272266115640 ; --            ; --          ; --         ;
; MAX_CORE_JUNCTION_TEMP        ; 85                              ; --            ; --          ; --         ;
; MIN_CORE_JUNCTION_TEMP        ; 0                               ; --            ; --          ; --         ;
; POWER_PRESET_COOLING_SOLUTION ; No Heat Sink With Still Air     ; --            ; --          ; --         ;
; PROJECT_OUTPUT_DIRECTORY      ; output_files                    ; --            ; --          ; --         ;
; TOP_LEVEL_ENTITY              ; top                             ; cpld          ; --          ; --         ;
+-------------------------------+---------------------------------+---------------+-------------+------------+


+--------------------------------------------------------------------------------------------------------------------------+
; Flow Elapsed Time                                                                                                        ;
+----------------------+--------------+-------------------------+---------------------+------------------------------------+
; Module Name          ; Elapsed Time ; Average Processors Used ; Peak Virtual Memory ; Total CPU Time (on all processors) ;
+----------------------+--------------+-------------------------+---------------------+------------------------------------+
; Analysis & Synthesis ; 00:00:15     ; 1.0                     ; 4719 MB             ; 00:00:16                           ;
; Fitter               ; 00:00:02     ; 1.0                     ; 5885 MB             ; 00:00:01                           ;
; Assembler            ; 00:00:00     ; 1.0                     ; 4667 MB             ; 00:00:00                           ;
; Timing Analyzer      ; 00:00:01     ; 1.0                     ; 4683 MB             ; 00:00:01                           ;
; Total                ; 00:00:18     ; --                      ; --                  ; 00:00:18                           ;
+----------------------+--------------+-------------------------+---------------------+------------------------------------+


+------------------------------------------------------------------------------------+
; Flow OS Summary                                                                    ;
+----------------------+------------------+------------+------------+----------------+
; Module Name          ; Machine Hostname ; OS Name    ; OS Version ; Processor type ;
+----------------------+------------------+------------+------------+----------------+
; Analysis & Synthesis ; Burjuva          ; Windows 10 ; 10.0       ; x86_64         ;
; Fitter               ; Burjuva          ; Windows 10 ; 10.0       ; x86_64         ;
; Assembler            ; Burjuva          ; Windows 10 ; 10.0       ; x86_64         ;
; Timing Analyzer      ; Burjuva          ; Windows 10 ; 10.0       ; x86_64         ;
+----------------------+------------------+------------+------------+----------------+


------------
; Flow Log ;
------------
quartus_map --read_settings_files=on --write_settings_files=off cpld -c cpld
quartus_fit --read_settings_files=off --write_settings_files=off cpld -c cpld
quartus_asm --read_settings_files=off --write_settings_files=off cpld -c cpld
quartus_sta cpld -c cpld



